\ Forced PSF-fit and aperture photometry results
\ Generated by forcepsffitdiff.pl v3.4, 2016-12-08 at 11:49:24
\ Input PSF-fitting radius = 3 pixels
\ Magnitude Zero-Point & RMS: see epoch-dependent zpmag,zprms columns
\ Input (fixed) aperture radius = 6 pixels
\ Input (fixed) inner radius of sky annulus = 12 pixels
\ Input (fixed) outer radius of sky annulus = 16 pixels
\ Input (fixed) aperture correction = 0 magnitudes
\ Input correlated-noise correction factor for aperture photometry = 1
\ Number of target positions = 1
\ Column definitions:
\ sourceid = source ID based on internal counter
\ xpos, ypos = source centroid position in x,y system of difference image
\ ra, dec = corresponding J2000 equatorial coordinates
\ flux, sigflux = PSF-fit flux and 1-sigma uncertainty; use these estimates
\        when generating light-curves; values of 99999999,-99.999 indicate
\        no measurement was possible.
\ fluxap, sigfluxap = aperture flux and 1-sigma uncertainty using a _fixed_
\        aperture. Provdes a crude sanity check of PSF photometry. Will
\        be affected by bad pixels (see nbadap column). Note: aperture
\        correction (if applied) may not match variable seeing. You may
\        want to increase aperture radius to make this more immune to
\        variable seeing. This will be at the expense of an increase in the
\        measurement noise.
\ nbadap = number of bad and saturated pixels in measurement aperture;
\        99999999 => aperture measurement not possible (e.g., too close to edge)
\ snr = signal-to-noise ratio in PSF-fit flux estimate
\ chi = robust estimate of ratio: RMS in PSF-fit residuals /
\                                 expected RMS using uncertainties
\ sharp = fwhm_obs^2 - fwhm_PSF^2;
\       ~ 0  => perfect (source is PSF-like);
\       >> 0 => extended source or bad kernel solution;
\       << 0 => cosmic ray, glitch, or bad kernel solution
\ MJD, HJD = Modified and Heliocentric Julian Dates at start of exposure
\ FWHMSEX = Effective FWHM (seeing) of original science frame
\
\ Reference-image rfId, refimage = 155688, /ptf/pos/archive/refims/d3381/f2/c10/p12/v3/PTF_d003381_f02_c10_u000155688_p12_refimg.fits
\ Reference-image PSF-file rfaId, rawpsf = 560256, /ptf/pos/archive/refims/d3381/f2/c10/p12/v3/PTF_d003381_f02_c10_u000155688_p12_daopsf.rpsf
\
|sourceid    |xpos        |ypos        |ra          |dec         |zpmag       |zprms       |flux                |sigflux           |snr         |chi         |sharp       |fluxap              |sigfluxap         |nbadap      |MJD                 |HJD                   |FWHMSEX                   |
|i           |r           |r           |r           |r           |r           |r           |r                   |r                 |r           |r           |r           |r                   |r                 |i           |r                   |r                     |r                         |
|            |pix         |pix         |deg         |deg         |mag         |mag         |DN                  |DN                |            |            |            |DN                  |DN                |            |days                |days                  |arcsec                    |
 1             522.46      2954.21      203.6895420   13.8539740  27.069        0.056             19962.9000000        434.7230000    45.92        2.425       -0.027            20210.3308884        235.1715770  0             57493.37134           2457493.87660                 2.75000
 1             525.96      2982.56      203.6895420   13.8539740  27.066        0.066             21307.7000000        327.1850000    65.12        1.863       -0.046            21389.3676147        251.8712702  0             57494.37862           2457494.88386                 3.75000
 1             507.21      2952.14      203.6895420   13.8539740  27.069        0.070             21869.4000000        489.5720000    44.67        2.596        0.067            21910.1431950        259.6304071  0             57495.32853           2457495.83375                 2.85000
 1             522.18      2953.68      203.6895420   13.8539740  27.069        0.064             21934.9000000        569.3710000    38.52        2.727        0.087            21672.5551501        260.6723282  0             57495.36771           2457495.87293                 2.55000
 1             511.77      2946.63      203.6895420   13.8539740  27.066        0.068             22680.4000000        847.0550000    26.78        3.381        0.106            22565.5531292        299.6809773  0             57496.30569           2457496.81089                 2.15000
 1             518.64      2946.87      203.6895420   13.8539740  27.067        0.070             22667.3000000        736.3700000    30.78        3.115        0.111            22358.3963628        291.3363842  0             57496.34242           2457496.84762                 2.35000
 1             525.28      2953.53      203.6895420   13.8539740  27.066        0.060             22184.5000000        703.6960000    31.53        3.294        0.055            22073.5528431        252.7471914  0             57505.39649           2457505.90145                 2.45000
 1             523.55      2953.42      203.6895420   13.8539740  27.068        0.068             21923.8000000        759.9970000    28.85        2.680        0.028            21856.8740206        317.7022015  0             57505.43603           2457505.94098                 2.05000
\ Reference-image PSF-fit metrics for id 1: flux_ref, sigflux_ref, chi_ref, sharp_ref = 93.1285 DN, 17.8955 DN, 1.059, 0.452
\ -------------------------------------------------------------------------------------------------------------------------------------------------------------------------------------------------------------------------------------------------------------------------------------------------------
