\ Forced PSF-fit and aperture photometry results
\ Generated by forcepsffitdiff.pl v3.4, 2016-12-01 at 08:00:35
\ Input PSF-fitting radius = 3 pixels
\ Magnitude Zero-Point & RMS: see epoch-dependent zpmag,zprms columns
\ Input (fixed) aperture radius = 6 pixels
\ Input (fixed) inner radius of sky annulus = 12 pixels
\ Input (fixed) outer radius of sky annulus = 16 pixels
\ Input (fixed) aperture correction = 0 magnitudes
\ Input correlated-noise correction factor for aperture photometry = 1
\ Number of target positions = 1
\ Column definitions:
\ sourceid = source ID based on internal counter
\ xpos, ypos = source centroid position in x,y system of difference image
\ ra, dec = corresponding J2000 equatorial coordinates
\ flux, sigflux = PSF-fit flux and 1-sigma uncertainty; use these estimates
\        when generating light-curves; values of 99999999,-99.999 indicate
\        no measurement was possible.
\ fluxap, sigfluxap = aperture flux and 1-sigma uncertainty using a _fixed_
\        aperture. Provdes a crude sanity check of PSF photometry. Will
\        be affected by bad pixels (see nbadap column). Note: aperture
\        correction (if applied) may not match variable seeing. You may
\        want to increase aperture radius to make this more immune to
\        variable seeing. This will be at the expense of an increase in the
\        measurement noise.
\ nbadap = number of bad and saturated pixels in measurement aperture;
\        99999999 => aperture measurement not possible (e.g., too close to edge)
\ snr = signal-to-noise ratio in PSF-fit flux estimate
\ chi = robust estimate of ratio: RMS in PSF-fit residuals /
\                                 expected RMS using uncertainties
\ sharp = fwhm_obs^2 - fwhm_PSF^2;
\       ~ 0  => perfect (source is PSF-like);
\       >> 0 => extended source or bad kernel solution;
\       << 0 => cosmic ray, glitch, or bad kernel solution
\ MJD, HJD = Modified and Heliocentric Julian Dates at start of exposure
\ FWHMSEX = Effective FWHM (seeing) of original science frame
\
\ Reference-image rfId, refimage = 101336, /ptf/pos/archive/refims/d100151/f1/c11/p12/v4/PTF_d100151_f01_c11_u000101336_p12_refimg.fits
\ Reference-image PSF-file rfaId, rawpsf = 301541, /ptf/pos/archive/refims/d100151/f1/c11/p12/v4/PTF_d100151_f01_c11_u000101336_p12_daopsf.rpsf
\
|sourceid    |xpos        |ypos        |ra          |dec         |zpmag       |zprms       |flux                |sigflux           |snr         |chi         |sharp       |fluxap              |sigfluxap         |nbadap      |MJD                 |HJD                   |FWHMSEX                   |
|i           |r           |r           |r           |r           |r           |r           |r                   |r                 |r           |r           |r           |r                   |r                 |i           |r                   |r                     |r                         |
|            |pix         |pix         |deg         |deg         |mag         |mag         |DN                  |DN                |            |            |            |DN                  |DN                |            |days                |days                  |arcsec                    |
 1             961.64       961.00      203.6895420   13.8539740  27.057        0.052                13.2420000         61.4519000     0.22        1.041       19.512               68.1263056        149.6421607  0             54891.55078           2454892.05523                 2.95000
 1             963.74       961.56      203.6895420   13.8539740  27.056        0.068                84.4853000         61.2110000     1.38        0.864       -2.801               89.3057330        164.4283180  0             54891.55207           2454892.05653                 3.05000
 1            1201.35      1543.05      203.6895420   13.8539740  27.060        0.029               -43.4211000         13.1499000    -3.30        0.768       -1.415                9.1850807         47.3580685  0             54910.48946           2454910.99464                 2.25000
 1            1239.06      1543.38      203.6895420   13.8539740  27.058        0.034               -46.6704000         36.9779000    -1.26        1.967        4.268              -90.9052902        113.7139810  0             54910.51839           2454911.02357                 2.45000
 1            1072.61      1548.93      203.6895420   13.8539740  27.058        0.044                25.0169000         58.5618000     0.43        0.904        0.334             -117.6515454        142.8141014  0             54915.20711           2454915.71238                 3.55000
 1            1073.28      1534.50      203.6895420   13.8539740  27.060        0.072                26.6630000        128.3070000     0.21        1.207       -8.255             -472.4721525        241.4666715  0             54916.20317           2454916.70846                 3.55000
 1            1088.61      1543.89      203.6895420   13.8539740  27.059        0.036                22.8020000        100.9920000     0.23        1.140        8.510               11.3468229        126.9963199  0             54917.20034           2454917.70564                 5.05000
 1            1085.36      1582.39      203.6895420   13.8539740  27.058        0.033                13.7192000         68.8997000     0.20        1.113      -35.200              -73.0224370         96.8785067  0             54917.29163           2454917.79694                 4.55000
 1            1139.93      1572.33      203.6895420   13.8539740  27.059        0.031                 3.0289900         33.4431000     0.09        0.954       -9.871             -193.8352214         86.8144578  0             54918.41692           2454918.92224                 3.05000
 1            1198.88      1534.38      203.6895420   13.8539740  27.049        0.031                29.3389000         47.4101000     0.62        1.184        1.828              -71.8104362         94.4959407  0             54918.46341           2454918.96874                 3.15000
 1            1087.47      1546.61      203.6895420   13.8539740  27.060        0.039                87.7933000         69.9880000     1.25        1.260       -1.106              -26.2956333        131.6473472  0             54921.24450           2454921.74985                 3.35000
 1            1085.29      1575.90      203.6895420   13.8539740  27.071        0.033                 0.7909180         44.8008000     0.02        1.100       99.999               -6.1340567         92.9954216  0             54921.36892           2454921.87427                 3.45000
 1            1086.86      1579.87      203.6895420   13.8539740  27.057        0.134       99999999             -99.999                inf        0.000        0.000             -801.2809784        565.1817480  0             54922.32829           2454922.83364                 3.25000
 1            1132.76      1567.97      203.6895420   13.8539740  27.071        0.035                33.7524000         39.9068000     0.85        1.019       -3.114               42.9767380         88.8862611  0             54922.40088           2454922.90623                 3.15000
 1            1148.91      1251.51      203.6895420   13.8539740  27.062        0.034                42.4778000         32.7468000     1.30        1.392       -1.620               99.6263953         71.4161064  0             54976.26534           2454976.76884                 2.65000
 1            1185.78      1240.48      203.6895420   13.8539740  27.057        0.035                 3.9511900         36.1142000     0.11        1.146       -0.722                8.1946002         88.5240356  0             54976.32031           2454976.82381                 2.85000
 1            1224.05      1225.01      203.6895420   13.8539740  27.059        0.036                94.6912000         43.7957000     2.16        1.074       -2.943               67.7153209         97.9851903  0             54976.37078           2454976.87427                 3.15000
 1            1251.73      1218.70      203.6895420   13.8539740  27.060        0.037                45.1471000         45.9405000     0.98        0.945       -5.758              -25.0117785        108.9397881  0             54976.40120           2454976.90469                 3.25000
 1            1216.96      1231.98      203.6895420   13.8539740  27.058        0.033               -55.7807000         60.7787000    -0.92        0.770       -0.120               48.2337214        124.5754233  0             55566.42664           2455566.92662                 4.85000
 1            1216.71      1249.22      203.6895420   13.8539740  27.056        0.034                32.5831000         42.7273000     0.76        0.883      -10.676               97.8751659        104.7544927  0             55571.49512           2455571.99558                 3.45000
 1            1221.95      1225.89      203.6895420   13.8539740  27.057        0.041               102.8710000         80.2239000     1.28        0.932        3.678                4.1979904        137.6805161  0             55572.38882           2455572.88937                 4.75000
 1            1228.99      1201.93      203.6895420   13.8539740  27.055        0.033                20.6916000         71.8855000     0.29        1.262       -4.621              156.6461472         93.2724200  0             55596.55039           2455597.05311                 4.55000
 1            1232.87      1158.36      203.6895420   13.8539740  27.057        0.046                -4.7334100        102.7930000    -0.05        1.128        7.662                7.7089663        155.4841663  0             55598.32235           2455598.82521                 4.45000
 1            1222.65      1162.95      203.6895420   13.8539740  27.056        0.036                25.6586000         54.0882000     0.47        0.973        5.848              -64.9808091        114.9326129  0             55598.37840           2455598.88127                 3.65000
 1            1226.20      1193.32      203.6895420   13.8539740  27.056        0.029               108.5890000         67.8217000     1.60        0.802        1.095               56.3702430         98.2633557  0             55599.43388           2455599.93682                 6.65000
 1            1238.87      1191.30      203.6895420   13.8539740  27.056        0.034               -11.9745000         15.0820000    -0.79        0.673       -1.062               23.6329302         66.3017989  0             55712.31921           2455712.82232                 2.35000
 1            1236.76      1172.87      203.6895420   13.8539740  27.056        0.037                68.6944000         32.5378000     2.11        0.894       -1.543               27.7197640        105.1643865  0             55712.36275           2455712.86586                 2.55000
 1            1238.99      1168.83      203.6895420   13.8539740  27.056        0.056                -5.2030700         37.4669000    -0.14        1.018       34.056             -182.6915515        120.7007663  0             55713.28427           2455713.78731                 2.35000
 1            1235.13      1168.87      203.6895420   13.8539740  27.059        0.079               183.6650000        128.7900000     1.43        1.218       -1.056               21.5554696        306.1290909  0             55713.34559           2455713.84862                 2.75000
 1            1239.47      1170.71      203.6895420   13.8539740  27.057        0.035                -2.3066400         34.8749000    -0.07        1.134       -1.374              -93.9748344         97.3191639  0             55715.27262           2455715.77550                 2.65000
 1            1236.63      1168.21      203.6895420   13.8539740  27.057        0.037                -3.7886900         54.0089000    -0.07        1.156       -6.613               61.1430776        124.5031207  0             55715.31580           2455715.81868                 2.85000
 1            1236.60      1166.87      203.6895420   13.8539740  27.057        0.038                -4.2377900         37.7942000    -0.11        1.056      -58.278              -97.4671170        118.0309144  0             55716.30376           2455716.80657                 2.65000
 1            1235.71      1165.66      203.6895420   13.8539740  27.057        0.048               114.0920000         77.5692000     1.47        1.014        0.956             -284.2902883        190.7734117  0             55716.34791           2455716.85071                 2.95000
 1            1238.26      1168.70      203.6895420   13.8539740  27.057        0.034                19.0251000         24.0807000     0.79        1.068        0.313               45.0712075         74.7344642  0             55717.29456           2455717.79729                 2.55000
 1            1234.90      1169.76      203.6895420   13.8539740  27.056        0.040                73.2405000         40.9925000     1.79        0.789       -0.320               -2.5796811        131.8459352  0             55717.33779           2455717.84052                 2.85000
 1            1238.01      1169.02      203.6895420   13.8539740  27.057        0.047                29.0294000         51.7465000     0.56        0.928       -4.349              -35.7114697        143.1827880  0             55720.25557           2455720.75807                 2.85000
 1            1237.08      1166.49      203.6895420   13.8539740  27.056        0.031                93.3987000         39.3469000     2.37        0.909       -0.133               56.9065089        104.2124383  0             55720.32169           2455720.82419                 3.15000
 1            1206.89      1565.96      203.6895420   13.8539740  27.056        0.031                -8.7644800         31.8966000    -0.27        1.427        9.628              -46.8198248         84.4583465  0             57452.40041           2457452.90506                 2.55000
 1            1194.03      1567.10      203.6895420   13.8539740  27.060        0.028                74.8717000         20.7403000     3.61        1.070       -0.083               -2.7641486         69.3045542  0             57452.43447           2457452.93912                 2.45000
 1            1206.67      1566.85      203.6895420   13.8539740  27.057        0.029                -4.5591200         28.7942000    -0.16        1.189       14.195               80.9447427         85.0911508  0             57452.46855           2457452.97321                 2.65000
 1            1203.77      1573.00      203.6895420   13.8539740  27.057        0.032               -41.6939000         35.5926000    -1.17        0.785       -1.597                2.0045318        116.1654481  0             57456.40266           2457456.90749                 3.15000
 1            1197.23      1573.69      203.6895420   13.8539740  27.059        0.035               -43.2885000         36.1241000    -1.20        0.801       -0.170               55.0162892        112.7911134  0             57456.43668           2457456.94151                 3.05000
 1            1198.00      1567.68      203.6895420   13.8539740  27.058        0.039                 9.7428000         31.5274000     0.31        0.933        6.117              -40.0015281        108.1573368  0             57457.40177           2457457.90664                 2.65000
 1            1191.99      1569.89      203.6895420   13.8539740  27.056        0.066               -56.3695000         86.1588000    -0.65        1.037       -2.275             -195.3052033        235.1553518  0             57457.43674           2457457.94161                 2.75000
 1            1205.58      1571.13      203.6895420   13.8539740  27.055        0.056               -84.7735000         91.1880000    -0.93        1.193        0.564               18.5144978        217.6015330  0             57457.47109           2457457.97596                 3.05000
 1            1198.19      1567.25      203.6895420   13.8539740  27.056        0.171              -350.8950000        135.8170000    -2.58        1.333       -0.928             -398.2132548        394.5409973  0             57458.40204           2457458.90695                 2.35000
 1            1196.07      1568.04      203.6895420   13.8539740  27.055        0.053                85.7503000         73.2807000     1.17        1.073        2.241              120.4062143        228.8241880  0             57458.43683           2457458.94174                 2.75000
 1            1205.61      1568.47      203.6895420   13.8539740  27.056        0.142              -215.6690000         81.5914000    -2.64        0.941        1.118             -362.4335289        221.5966488  0             57458.47109           2457458.97600                 2.25000
 1            1191.20      1568.95      203.6895420   13.8539740  27.056        0.033                22.6822000         25.4576000     0.89        1.028        4.149               23.0933589         81.8264015  0             57462.40462           2457462.90967                 2.55000
 1            1203.10      1570.08      203.6895420   13.8539740  27.057        0.032                50.6760000         30.7790000     1.65        1.316        4.220               84.3979923         80.9776790  0             57462.43894           2457462.94398                 2.55000
 1            1207.87      1569.41      203.6895420   13.8539740  27.059        0.032                94.0847000         39.6216000     2.37        1.627       -1.409              165.3795656         97.7277355  0             57462.47314           2457462.97819                 2.65000
 1            1189.51      1567.86      203.6895420   13.8539740  27.058        0.033                26.3112000         18.7219000     1.41        0.953        5.063               92.2560457         65.4234661  0             57463.40551           2457463.91059                 2.35000
 1            1203.19      1567.88      203.6895420   13.8539740  27.058        0.031                 8.7703300         15.3380000     0.57        0.832       -1.523             -251.2083684         69.5493595  0             57463.43995           2457463.94503                 2.35000
 1            1208.27      1567.99      203.6895420   13.8539740  27.058        0.034                28.7267000         24.8273000     1.16        1.303        1.799               35.9484482         72.7466322  0             57463.47414           2457463.97922                 2.35000
 1            1226.56      1553.06      203.6895420   13.8539740  27.057        0.035                74.3062000         24.8693000     2.99        1.182       -1.819                8.5463459         86.5874323  0             57479.34740           2457479.85275                 2.45000
 1            1223.64      1553.93      203.6895420   13.8539740  27.057        0.033                37.8663000         31.9382000     1.19        1.113       -0.623              -55.3005553        120.1716312  0             57479.37648           2457479.88184                 2.65000
 1            1235.84      1553.97      203.6895420   13.8539740  27.058        0.035               -22.3103000         42.4055000    -0.53        0.925        4.158              -13.0735960        128.5661073  0             57479.40561           2457479.91097                 2.85000
 1            1219.86      1551.73      203.6895420   13.8539740  27.059        0.031                68.3425000         23.4595000     2.91        1.119        1.192              205.8441621         83.7678114  0             57480.35815           2457480.86351                 2.45000
 1            1231.13      1552.40      203.6895420   13.8539740  27.058        0.033                69.0136000         20.0786000     3.44        0.911       -2.224              122.2466350         98.8857170  0             57480.38737           2457480.89273                 2.45000
 1            1237.56      1552.83      203.6895420   13.8539740  27.059        0.034                51.1914000         20.6681000     2.48        0.946        1.052              219.7242780         82.5157781  0             57480.41550           2457480.92086                 2.45000
 1            1217.51      1550.77      203.6895420   13.8539740  27.057        0.032               199.6730000         21.7145000     9.20        0.992       -0.771              155.4873225         73.1321276  0             57481.35905           2457481.86441                 2.35000
 1            1232.39      1550.80      203.6895420   13.8539740  27.055        0.037               220.5060000         24.3961000     9.04        1.090        0.526              192.4647778         79.4591945  0             57481.38771           2457481.89307                 2.35000
 1            1224.47      1551.09      203.6895420   13.8539740  27.059        0.052              1312.5400000         54.5670000    24.05        1.283        0.320             1325.0129324        147.9666086  0             57482.34598           2457482.85135                 2.55000
 1            1229.86      1551.22      203.6895420   13.8539740  27.060        0.037              1296.7800000         38.5725000    33.62        1.101        0.000             1120.1558304        103.4543067  0             57482.37483           2457482.88019                 2.45000
 1            1236.23      1551.25      203.6895420   13.8539740  27.058        0.033              1346.8900000         22.1955000    60.68        0.557        0.163             1503.7077254         85.0911535  0             57482.40359           2457482.90895                 2.45000
 1            1222.74      1549.56      203.6895420   13.8539740  27.057        0.034              2119.7800000         45.1512000    46.95        1.097       -0.019             2062.3757552         98.1882961  0             57483.34626           2457483.85162                 2.45000
 1            1230.98      1549.76      203.6895420   13.8539740  27.058        0.035              2226.0200000         42.0596000    52.93        1.020       -0.072             2188.4152587         74.0160095  0             57483.37502           2457483.88039                 2.25000
 1            1238.12      1550.16      203.6895420   13.8539740  27.058        0.032              2409.4200000         40.8259000    59.02        0.924       -0.029             2195.6348411         77.6906360  0             57483.40390           2457483.90926                 2.25000
 1            1221.37      1552.87      203.6895420   13.8539740  27.057        0.045              3463.7900000         71.2154000    48.64        1.184       -0.065             3386.7289169        138.3317916  0             57484.34581           2457484.85117                 2.55000
 1            1231.00      1553.25      203.6895420   13.8539740  27.056        0.040              3464.1600000         96.2915000    35.98        1.253        0.062             3248.8577143        168.0734653  0             57484.37462           2457484.87998                 2.75000
 1            1237.43      1553.32      203.6895420   13.8539740  27.058        0.044              3344.3700000         94.1534000    35.52        1.184       -0.168             3056.7052688        180.7768581  0             57484.40328           2457484.90864                 2.85000
 1            1236.39      1545.22      203.6895420   13.8539740  27.059        0.035             23596.9000000        372.4310000    63.36        2.182       -0.104            23432.7911074        148.8820256  0             57492.37053           2457492.87582                 2.65000
 1            1240.59      1546.17      203.6895420   13.8539740  27.059        0.033             23801.8000000        457.3680000    52.04        2.673       -0.088            23549.8832722        155.5953896  0             57492.39910           2457492.90438                 2.65000
 1            1238.57      1545.19      203.6895420   13.8539740  27.059        0.033             23560.5000000        312.3300000    75.43        2.026        0.034            23501.8547983        151.4636038  0             57492.42815           2457492.93343                 3.15000
 1            1239.49      1542.09      203.6895420   13.8539740  27.057        0.034             21197.3000000        409.5290000    51.76        2.621       -0.115            20788.6637859         96.3627460  0             57510.34845           2457510.85321                 2.35000
 1            1237.22      1539.99      203.6895420   13.8539740  27.058        0.037             21271.7000000        440.8630000    48.25        2.774       -0.112            20730.1494795        124.4691079  0             57510.37802           2457510.88278                 2.45000
 1            1237.52      1537.73      203.6895420   13.8539740  27.059        0.039             21052.4000000        371.3560000    56.69        2.266       -0.089            20543.6291081        167.1756804  0             57510.40782           2457510.91259                 2.55000
 1            1238.98      1543.72      203.6895420   13.8539740  27.059        0.035             20186.5000000        372.5180000    54.19        2.413       -0.081            19834.9477618        139.8114654  0             57511.34554           2457511.85027                 2.45000
 1            1235.99      1541.55      203.6895420   13.8539740  27.057        0.035             19605.8000000        374.1630000    52.40        2.482        0.029            19575.4818116        193.4612266  0             57511.37523           2457511.87995                 2.75000
 1            1236.01      1539.30      203.6895420   13.8539740  27.058        0.042             19637.3000000        179.0940000   109.65        1.072        0.013            19513.6987377        163.1214740  0             57511.40530           2457511.91002                 2.65000
 1            1238.52      1542.01      203.6895420   13.8539740  27.059        0.032             18634.0000000        351.4380000    53.02        2.452       -0.063            18220.3344028        113.8657074  0             57512.33997           2457512.84464                 2.45000
 1            1235.31      1540.42      203.6895420   13.8539740  27.060        0.033             18698.6000000        292.1910000    63.99        2.024       -0.129            18591.0281297        100.3876880  0             57512.36993           2457512.87461                 2.25000
 1            1234.93      1537.88      203.6895420   13.8539740  27.057        0.042             18844.4000000        324.6180000    58.05        2.166       -0.088            18597.5348105        124.1589897  0             57512.39975           2457512.90442                 2.55000
 1            1239.28      1537.27      203.6895420   13.8539740  27.058        0.029             17451.8000000        233.3610000    74.78        1.628       -0.044            17322.0136861        130.4661721  0             57513.33483           2457513.83946                 2.65000
 1            1235.95      1534.87      203.6895420   13.8539740  27.059        0.035             17467.3000000        306.2130000    57.04        2.459       -0.103            17302.9813378        148.1837733  0             57513.36447           2457513.86910                 3.15000
 1            1235.86      1531.74      203.6895420   13.8539740  27.057        0.035             17108.2000000        215.7370000    79.30        1.729        0.085            17117.9774995        145.7919709  0             57513.39422           2457513.89886                 3.05000
 1            1237.15      1542.31      203.6895420   13.8539740  27.058        0.037             11769.6000000        236.1310000    49.84        2.443        0.334            12011.9761800        169.3537349  0             57518.36894           2457518.87332                 3.65000
 1            1234.70      1539.38      203.6895420   13.8539740  27.057        0.039             12792.6000000        197.8920000    64.64        1.749        0.033            12127.2785300        207.7911892  0             57518.39869           2457518.90308                 4.15000
 1            1235.31      1539.91      203.6895420   13.8539740  27.059        0.080             11428.2000000        286.3900000    39.90        1.647        0.136            11056.0128483        328.4839180  0             57519.34003           2457519.84437                 3.35000
 1            1234.84      1538.08      203.6895420   13.8539740  27.060        0.055             11159.4000000        203.3360000    54.88        1.634        0.202            11058.8506973        226.0259028  0             57519.36973           2457519.87407                 3.75000
 1            1232.53      1536.57      203.6895420   13.8539740  27.058        0.039             11294.2000000        205.1130000    55.06        1.892        0.219            11182.0556007        198.6141243  0             57519.39958           2457519.90392                 4.15000
 1            1235.74      1542.00      203.6895420   13.8539740  27.058        0.035             10491.9000000        190.4450000    55.09        1.879       -0.026            10146.9819302        140.0996575  0             57520.33779           2457520.84207                 2.75000
 1            1233.90      1539.33      203.6895420   13.8539740  27.058        0.033             10600.7000000        172.5850000    61.42        1.661        0.027            10416.8854737        155.4855241  0             57520.36696           2457520.87124                 2.75000
 1            1231.40      1537.56      203.6895420   13.8539740  27.059        0.038             10321.3000000        165.9800000    62.18        1.573        0.143            10272.1335389        154.1539970  0             57520.39634           2457520.90062                 2.85000
 1            1233.50      1540.37      203.6895420   13.8539740  27.058        0.037              9853.1600000        201.0750000    49.00        2.170        0.127            10012.2317390        147.0652531  0             57521.34166           2457521.84588                 2.95000
 1            1233.31      1537.76      203.6895420   13.8539740  27.060        0.037              9619.3400000        174.7710000    55.04        1.907        0.159             9809.2706775        135.7144606  0             57521.37109           2457521.87531                 3.65000
 1            1231.93      1535.79      203.6895420   13.8539740  27.059        0.040              9896.8800000        176.3770000    56.11        1.758        0.104             9943.7811810        161.9100687  0             57521.40066           2457521.90488                 3.65000
 1            1235.66      1537.19      203.6895420   13.8539740  27.056        0.042              9046.6000000        125.6330000    72.01        1.122        0.037             8956.0989761        168.6592359  0             57522.40097           2457522.90514                 4.25000
\ Reference-image PSF-fit metrics for id 1: flux_ref, sigflux_ref, chi_ref, sharp_ref = 57.3147 DN, 10.9835 DN, 1.05, 1.905
\ -------------------------------------------------------------------------------------------------------------------------------------------------------------------------------------------------------------------------------------------------------------------------------------------------------
